2025-01-18 14:08:01,409 - INFO - Fetching data for RELIANCE.NS...
2025-01-18 14:08:03,072 - INFO - Fetching data for TCS.NS...
2025-01-18 14:08:04,260 - INFO - Fetching data for HDFCBANK.NS...
2025-01-18 14:08:05,407 - INFO - Fetching data for INFY.NS...
2025-01-18 14:08:06,571 - INFO - Fetching data for ITC.NS...
2025-01-18 14:08:07,719 - INFO - Fetching data for SBIN.NS...
2025-01-18 14:08:08,946 - INFO - Fetching data for WIPRO.NS...
2025-01-18 14:08:10,092 - INFO - Fetching data for BHARTIARTL.NS...
2025-01-18 14:08:11,269 - INFO - Fetching data for LT.NS...
2025-01-18 14:08:12,425 - INFO - Fetching data for SEPC.NS...
2025-01-18 14:08:13,551 - INFO - Fetching data for MARUTI.NS...
2025-01-18 14:08:14,695 - INFO - Fetching data for TITAN.NS...
2025-01-18 14:08:15,976 - INFO - Fetching data for BAJAJFINSV.NS...
2025-01-18 14:08:17,178 - INFO - Fetching data for ICICIBANK.NS...
2025-01-18 14:08:18,407 - INFO - Fetching data for ASIANPAINT.NS...
2025-01-18 14:08:19,678 - INFO - Fetching data for SUNPHARMA.NS...
2025-01-18 14:08:21,550 - INFO - Fetching data for ULTRACEMCO.NS...
2025-01-18 14:08:23,061 - INFO - Fetching data for TATAMOTORS.NS...
2025-01-18 14:08:24,418 - INFO - Fetching data for HINDUNILVR.NS...
2025-01-18 14:08:25,698 - INFO - Fetching data for TECHM.NS...
2025-01-18 14:08:26,904 - INFO - Fetching data for ONGC.NS...
2025-01-18 14:08:28,079 - INFO - Fetching data for NTPC.NS...
2025-01-18 14:08:29,239 - INFO - Fetching data for AXISBANK.NS...
2025-01-18 14:08:30,401 - INFO - Fetching data for POWERGRID.NS...
2025-01-18 14:08:31,543 - INFO - Fetching data for ADANIENT.NS...
2025-01-18 14:08:32,690 - INFO - Fetching data for ADANIGREEN.NS...
2025-01-18 14:08:33,823 - INFO - Fetching data for ADANIPORTS.NS...
2025-01-18 14:08:35,006 - INFO - Fetching data for COALINDIA.NS...
2025-01-18 14:08:36,154 - INFO - Fetching data for JSWSTEEL.NS...
2025-01-18 14:08:37,333 - INFO - Fetching data for INDUSINDBK.NS...
2025-01-18 14:08:38,484 - INFO - Fetching data for DIVISLAB.NS...
2025-01-18 14:08:39,627 - INFO - Fetching data for GRASIM.NS...
2025-01-18 14:08:41,299 - INFO - Fetching data for HINDALCO.NS...
2025-01-18 14:08:42,760 - INFO - Fetching data for DRREDDY.NS...
2025-01-18 14:08:44,532 - INFO - Fetching data for BAJAJ-AUTO.NS...
2025-01-18 14:08:46,879 - INFO - Fetching data for EICHERMOT.NS...
2025-01-18 14:08:49,225 - INFO - Fetching data for HEROMOTOCO.NS...
2025-01-18 14:08:54,455 - INFO - Fetching data for BPCL.NS...
2025-01-18 14:08:55,773 - INFO - Fetching data for BRITANNIA.NS...
2025-01-18 14:08:57,233 - INFO - Fetching data for UPL.NS...
2025-01-18 14:08:58,571 - INFO - Fetching data for SHREECEM.NS...
2025-01-18 14:08:59,809 - INFO - Fetching data for DLF.NS...
2025-01-18 14:09:02,772 - INFO - Fetching data for VEDL.NS...
2025-01-18 14:09:07,157 - INFO - Fetching data for GAIL.NS...
2025-01-18 14:09:08,534 - INFO - Fetching data for M&M.NS...
2025-01-18 14:09:09,836 - INFO - Fetching data for NMDC.NS...
2025-01-18 14:09:11,169 - INFO - Fetching data for PEL.NS...
2025-01-18 14:09:12,414 - INFO - Fetching data for BANDHANBNK.NS...
2025-01-18 14:09:13,587 - INFO - Fetching data for BIOCON.NS...
2025-01-18 14:09:28,487 - INFO - Portfolio data updated and saved successfully.
2025-01-18 14:09:28,487 - INFO - Fetching data for ^NSEI...
2025-01-18 14:09:30,045 - INFO - Nifty 50 data updated and saved successfully.
2025-01-18 14:09:32,724 - INFO - Fetching data for RELIANCE.NS...
2025-01-18 14:09:34,257 - INFO - Fetching data for TCS.NS...
2025-01-18 14:09:35,410 - INFO - Fetching data for HDFCBANK.NS...
2025-01-18 14:09:36,559 - INFO - Fetching data for INFY.NS...
2025-01-18 14:09:37,709 - INFO - Fetching data for ITC.NS...
2025-01-18 14:09:38,861 - INFO - Fetching data for SBIN.NS...
2025-01-18 14:09:40,033 - INFO - Fetching data for WIPRO.NS...
2025-01-18 14:09:41,186 - INFO - Fetching data for BHARTIARTL.NS...
2025-01-18 14:09:42,405 - INFO - Fetching data for LT.NS...
2025-01-18 14:09:43,555 - INFO - Fetching data for SEPC.NS...
2025-01-18 14:09:44,693 - INFO - Fetching data for MARUTI.NS...
2025-01-18 14:09:45,862 - INFO - Fetching data for TITAN.NS...
2025-01-18 14:09:47,005 - INFO - Fetching data for BAJAJFINSV.NS...
2025-01-18 14:09:48,207 - INFO - Fetching data for ICICIBANK.NS...
2025-01-18 14:09:49,344 - INFO - Fetching data for ASIANPAINT.NS...
2025-01-18 14:09:50,496 - INFO - Fetching data for SUNPHARMA.NS...
2025-01-18 14:09:51,647 - INFO - Fetching data for ULTRACEMCO.NS...
2025-01-18 14:09:52,796 - INFO - Fetching data for TATAMOTORS.NS...
2025-01-18 14:09:54,006 - INFO - Fetching data for HINDUNILVR.NS...
2025-01-18 14:09:55,205 - INFO - Fetching data for TECHM.NS...
2025-01-18 14:09:56,360 - INFO - Fetching data for ONGC.NS...
2025-01-18 14:09:57,525 - INFO - Fetching data for NTPC.NS...
2025-01-18 14:09:58,768 - INFO - Fetching data for AXISBANK.NS...
2025-01-18 14:09:59,963 - INFO - Fetching data for POWERGRID.NS...
2025-01-18 14:10:01,119 - INFO - Fetching data for ADANIENT.NS...
2025-01-18 14:10:02,286 - INFO - Fetching data for ADANIGREEN.NS...
2025-01-18 14:10:03,432 - INFO - Fetching data for ADANIPORTS.NS...
2025-01-18 14:10:04,572 - INFO - Fetching data for COALINDIA.NS...
2025-01-18 14:10:05,726 - INFO - Fetching data for JSWSTEEL.NS...
2025-01-18 14:10:06,906 - INFO - Fetching data for INDUSINDBK.NS...
2025-01-18 14:10:08,068 - INFO - Fetching data for DIVISLAB.NS...
2025-01-18 14:10:09,216 - INFO - Fetching data for GRASIM.NS...
2025-01-18 14:10:10,389 - INFO - Fetching data for HINDALCO.NS...
2025-01-18 14:10:11,568 - INFO - Fetching data for DRREDDY.NS...
2025-01-18 14:10:12,744 - INFO - Fetching data for BAJAJ-AUTO.NS...
2025-01-18 14:10:13,888 - INFO - Fetching data for EICHERMOT.NS...
2025-01-18 14:10:15,032 - INFO - Fetching data for HEROMOTOCO.NS...
2025-01-18 14:10:16,198 - INFO - Fetching data for BPCL.NS...
2025-01-18 14:10:17,395 - INFO - Fetching data for BRITANNIA.NS...
2025-01-18 14:10:19,065 - INFO - Fetching data for UPL.NS...
2025-01-18 14:10:20,405 - INFO - Fetching data for SHREECEM.NS...
2025-01-18 14:10:21,970 - INFO - Fetching data for DLF.NS...
2025-01-18 14:10:23,459 - INFO - Fetching data for VEDL.NS...
2025-01-18 14:10:26,189 - INFO - Fetching data for GAIL.NS...
2025-01-18 14:10:27,407 - INFO - Fetching data for M&M.NS...
2025-01-18 14:10:28,554 - INFO - Fetching data for NMDC.NS...
2025-01-18 14:10:29,714 - INFO - Fetching data for PEL.NS...
2025-01-18 14:10:30,858 - INFO - Fetching data for BANDHANBNK.NS...
2025-01-18 14:10:31,995 - INFO - Fetching data for BIOCON.NS...
2025-01-18 14:10:42,374 - INFO - Portfolio data updated and saved successfully.
2025-01-18 14:10:42,374 - INFO - Fetching data for ^NSEI...
2025-01-18 14:10:43,776 - INFO - Nifty 50 data updated and saved successfully.
2025-01-18 14:10:46,533 - INFO - Fetching data for RELIANCE.NS...
2025-01-18 14:10:48,022 - INFO - Fetching data for TCS.NS...
2025-01-18 14:10:49,377 - INFO - Fetching data for HDFCBANK.NS...
2025-01-18 14:10:50,560 - INFO - Fetching data for INFY.NS...
2025-01-18 14:10:51,706 - INFO - Fetching data for ITC.NS...
2025-01-18 14:10:52,899 - INFO - Fetching data for SBIN.NS...
2025-01-18 14:10:54,051 - INFO - Fetching data for WIPRO.NS...
2025-01-18 14:10:55,200 - INFO - Fetching data for BHARTIARTL.NS...
2025-01-18 14:10:56,330 - INFO - Fetching data for LT.NS...
2025-01-18 14:10:57,456 - INFO - Fetching data for SEPC.NS...
2025-01-18 14:10:58,586 - INFO - Fetching data for MARUTI.NS...
2025-01-18 14:10:59,718 - INFO - Fetching data for TITAN.NS...
2025-01-18 14:11:00,863 - INFO - Fetching data for BAJAJFINSV.NS...
2025-01-18 14:11:02,030 - INFO - Fetching data for ICICIBANK.NS...
2025-01-18 14:11:03,172 - INFO - Fetching data for ASIANPAINT.NS...
2025-01-18 14:11:06,530 - INFO - Fetching data for SUNPHARMA.NS...
2025-01-18 14:11:08,221 - INFO - Fetching data for ULTRACEMCO.NS...
2025-01-18 14:11:09,544 - INFO - Fetching data for TATAMOTORS.NS...
2025-01-18 14:11:10,838 - INFO - Fetching data for HINDUNILVR.NS...
2025-01-18 14:11:12,771 - INFO - Fetching data for TECHM.NS...
2025-01-18 14:11:15,276 - INFO - Fetching data for ONGC.NS...
2025-01-18 14:11:18,150 - INFO - Fetching data for NTPC.NS...
2025-01-18 14:11:20,191 - INFO - Fetching data for AXISBANK.NS...
2025-01-18 14:11:21,513 - INFO - Fetching data for POWERGRID.NS...
2025-01-18 14:11:22,844 - INFO - Fetching data for ADANIENT.NS...
2025-01-18 14:11:24,147 - INFO - Fetching data for ADANIGREEN.NS...
2025-01-18 14:11:25,308 - INFO - Fetching data for ADANIPORTS.NS...
2025-01-18 14:11:26,643 - INFO - Fetching data for COALINDIA.NS...
2025-01-18 14:11:27,877 - INFO - Fetching data for JSWSTEEL.NS...
2025-01-18 14:11:29,263 - INFO - Fetching data for INDUSINDBK.NS...
2025-01-18 14:11:30,645 - INFO - Fetching data for DIVISLAB.NS...
2025-01-18 14:11:32,581 - INFO - Fetching data for GRASIM.NS...
2025-01-18 14:11:34,106 - INFO - Fetching data for HINDALCO.NS...
2025-01-18 14:11:35,515 - INFO - Fetching data for DRREDDY.NS...
2025-01-18 14:11:37,263 - INFO - Fetching data for BAJAJ-AUTO.NS...
2025-01-18 14:11:38,766 - INFO - Fetching data for EICHERMOT.NS...
2025-01-18 14:11:40,060 - INFO - Fetching data for HEROMOTOCO.NS...
2025-01-18 14:11:41,576 - INFO - Fetching data for BPCL.NS...
2025-01-18 14:11:43,105 - INFO - Fetching data for BRITANNIA.NS...
2025-01-18 14:11:44,715 - INFO - Fetching data for UPL.NS...
2025-01-18 14:11:46,336 - INFO - Fetching data for SHREECEM.NS...
2025-01-18 14:11:48,533 - INFO - Fetching data for DLF.NS...
2025-01-18 14:11:49,723 - INFO - Fetching data for VEDL.NS...
2025-01-18 14:11:50,916 - INFO - Fetching data for GAIL.NS...
2025-01-18 14:11:52,124 - INFO - Fetching data for M&M.NS...
2025-01-18 14:11:53,330 - INFO - Fetching data for NMDC.NS...
2025-01-18 14:11:54,509 - INFO - Fetching data for PEL.NS...
2025-01-18 14:11:55,694 - INFO - Fetching data for BANDHANBNK.NS...
2025-01-18 14:11:56,839 - INFO - Fetching data for BIOCON.NS...
2025-01-18 14:12:12,180 - INFO - Portfolio data updated and saved successfully.
2025-01-18 14:12:12,180 - INFO - Fetching data for ^NSEI...
2025-01-18 14:12:21,663 - INFO - Nifty 50 data updated and saved successfully.
2025-01-18 14:12:24,522 - INFO - Fetching data for RELIANCE.NS...
2025-01-18 14:12:29,779 - INFO - Fetching data for TCS.NS...
2025-01-18 14:12:31,608 - INFO - Fetching data for HDFCBANK.NS...
2025-01-18 14:12:33,196 - INFO - Fetching data for INFY.NS...
2025-01-18 14:12:34,805 - INFO - Fetching data for ITC.NS...
2025-01-18 14:12:36,563 - INFO - Fetching data for SBIN.NS...
2025-01-18 14:12:38,294 - INFO - Fetching data for WIPRO.NS...
2025-01-18 14:12:40,118 - INFO - Fetching data for BHARTIARTL.NS...
2025-01-18 14:12:41,697 - INFO - Fetching data for LT.NS...
2025-01-18 14:12:42,957 - INFO - Fetching data for SEPC.NS...
2025-01-18 14:12:44,529 - INFO - Fetching data for MARUTI.NS...
2025-01-18 14:12:45,787 - INFO - Fetching data for TITAN.NS...
2025-01-18 14:12:47,266 - INFO - Fetching data for BAJAJFINSV.NS...
2025-01-18 14:12:48,872 - INFO - Fetching data for ICICIBANK.NS...
2025-01-18 14:12:50,295 - INFO - Fetching data for ASIANPAINT.NS...
2025-01-18 14:12:51,634 - INFO - Fetching data for SUNPHARMA.NS...
2025-01-18 14:12:52,885 - INFO - Fetching data for ULTRACEMCO.NS...
2025-01-18 14:12:54,095 - INFO - Fetching data for TATAMOTORS.NS...
2025-01-18 14:12:55,333 - INFO - Fetching data for HINDUNILVR.NS...
2025-01-18 14:12:56,622 - INFO - Fetching data for TECHM.NS...
2025-01-18 14:12:57,847 - INFO - Fetching data for ONGC.NS...
2025-01-18 14:12:59,151 - INFO - Fetching data for NTPC.NS...
2025-01-18 14:13:00,341 - INFO - Fetching data for AXISBANK.NS...
2025-01-18 14:13:01,539 - INFO - Fetching data for POWERGRID.NS...
2025-01-18 14:13:02,690 - INFO - Fetching data for ADANIENT.NS...
2025-01-18 14:13:04,668 - INFO - Fetching data for ADANIGREEN.NS...
2025-01-18 14:13:06,339 - INFO - Fetching data for ADANIPORTS.NS...
2025-01-18 14:13:07,585 - INFO - Fetching data for COALINDIA.NS...
2025-01-18 14:13:08,796 - INFO - Fetching data for JSWSTEEL.NS...
2025-01-18 14:13:10,002 - INFO - Fetching data for INDUSINDBK.NS...
2025-01-18 14:13:11,235 - INFO - Fetching data for DIVISLAB.NS...
2025-01-18 14:13:12,415 - INFO - Fetching data for GRASIM.NS...
2025-01-18 14:13:13,609 - INFO - Fetching data for HINDALCO.NS...
2025-01-18 14:13:14,902 - INFO - Fetching data for DRREDDY.NS...
2025-01-18 14:13:16,163 - INFO - Fetching data for BAJAJ-AUTO.NS...
2025-01-18 14:13:17,479 - INFO - Fetching data for EICHERMOT.NS...
2025-01-18 14:13:18,715 - INFO - Fetching data for HEROMOTOCO.NS...
2025-01-18 14:13:19,961 - INFO - Fetching data for BPCL.NS...
2025-01-18 14:13:21,193 - INFO - Fetching data for BRITANNIA.NS...
2025-01-18 14:13:22,638 - INFO - Fetching data for UPL.NS...
2025-01-18 14:13:23,924 - INFO - Fetching data for SHREECEM.NS...
2025-01-18 14:13:25,539 - INFO - Fetching data for DLF.NS...
2025-01-18 14:13:26,855 - INFO - Fetching data for VEDL.NS...
2025-01-18 14:13:28,373 - INFO - Fetching data for GAIL.NS...
2025-01-18 14:13:29,602 - INFO - Fetching data for M&M.NS...
2025-01-18 14:13:30,838 - INFO - Fetching data for NMDC.NS...
2025-01-18 14:13:32,094 - INFO - Fetching data for PEL.NS...
2025-01-18 14:13:33,287 - INFO - Fetching data for BANDHANBNK.NS...
2025-01-18 14:13:34,523 - INFO - Fetching data for BIOCON.NS...
2025-01-18 14:13:44,279 - INFO - Portfolio data updated and saved successfully.
2025-01-18 14:13:44,280 - INFO - Fetching data for ^NSEI...
2025-01-18 14:13:45,692 - INFO - Nifty 50 data updated and saved successfully.
2025-01-18 14:13:47,829 - INFO - Fetching data for RELIANCE.NS...
2025-01-18 14:13:49,679 - INFO - Fetching data for TCS.NS...
2025-01-18 14:13:51,233 - INFO - Fetching data for HDFCBANK.NS...
2025-01-18 14:13:53,875 - INFO - Fetching data for INFY.NS...
2025-01-18 14:13:58,932 - INFO - Fetching data for ITC.NS...
2025-01-18 14:14:01,003 - INFO - Fetching data for SBIN.NS...
2025-01-18 14:14:02,237 - INFO - Fetching data for WIPRO.NS...
2025-01-18 14:14:03,418 - INFO - Fetching data for BHARTIARTL.NS...
2025-01-18 14:14:04,641 - INFO - Fetching data for LT.NS...
2025-01-18 14:14:05,834 - INFO - Fetching data for SEPC.NS...
2025-01-18 14:14:06,991 - INFO - Fetching data for MARUTI.NS...
2025-01-18 14:14:08,165 - INFO - Fetching data for TITAN.NS...
2025-01-18 14:14:09,347 - INFO - Fetching data for BAJAJFINSV.NS...
2025-01-18 14:14:10,570 - INFO - Fetching data for ICICIBANK.NS...
2025-01-18 14:14:11,796 - INFO - Fetching data for ASIANPAINT.NS...
2025-01-18 14:14:13,196 - INFO - Fetching data for SUNPHARMA.NS...
2025-01-18 14:14:14,442 - INFO - Fetching data for ULTRACEMCO.NS...
2025-01-18 14:14:16,283 - INFO - Fetching data for TATAMOTORS.NS...
2025-01-18 14:14:17,920 - INFO - Fetching data for HINDUNILVR.NS...
2025-01-18 14:14:19,388 - INFO - Fetching data for TECHM.NS...
2025-01-18 14:14:20,923 - INFO - Fetching data for ONGC.NS...
2025-01-18 14:14:22,427 - INFO - Fetching data for NTPC.NS...
2025-01-18 14:14:23,746 - INFO - Fetching data for AXISBANK.NS...
2025-01-18 14:14:25,053 - INFO - Fetching data for POWERGRID.NS...
2025-01-18 14:14:26,349 - INFO - Fetching data for ADANIENT.NS...
2025-01-18 14:14:27,863 - INFO - Fetching data for ADANIGREEN.NS...
2025-01-18 14:14:29,183 - INFO - Fetching data for ADANIPORTS.NS...
2025-01-18 14:14:30,620 - INFO - Fetching data for COALINDIA.NS...
2025-01-18 14:14:36,744 - INFO - Fetching data for JSWSTEEL.NS...
2025-01-18 14:14:38,869 - INFO - Fetching data for INDUSINDBK.NS...
2025-01-18 14:14:40,431 - INFO - Fetching data for DIVISLAB.NS...
2025-01-18 14:14:41,996 - INFO - Fetching data for GRASIM.NS...
2025-01-18 14:14:43,713 - INFO - Fetching data for HINDALCO.NS...
2025-01-18 14:14:45,244 - INFO - Fetching data for DRREDDY.NS...
2025-01-18 14:14:47,002 - INFO - Fetching data for BAJAJ-AUTO.NS...
2025-01-18 14:14:48,746 - INFO - Fetching data for EICHERMOT.NS...
2025-01-18 14:14:50,396 - INFO - Fetching data for HEROMOTOCO.NS...
2025-01-18 14:14:52,769 - INFO - Fetching data for BPCL.NS...
2025-01-18 14:14:54,667 - INFO - Fetching data for BRITANNIA.NS...
2025-01-18 14:14:56,218 - INFO - Fetching data for UPL.NS...
2025-01-18 14:14:57,703 - INFO - Fetching data for SHREECEM.NS...
2025-01-18 14:14:59,034 - INFO - Fetching data for DLF.NS...
2025-01-18 14:15:00,923 - INFO - Fetching data for VEDL.NS...
2025-01-18 14:15:02,968 - INFO - Fetching data for GAIL.NS...
2025-01-18 14:15:04,456 - INFO - Fetching data for M&M.NS...
2025-01-18 14:15:06,261 - INFO - Fetching data for NMDC.NS...
2025-01-18 14:15:08,362 - INFO - Fetching data for PEL.NS...
2025-01-18 14:15:11,283 - INFO - Fetching data for BANDHANBNK.NS...
2025-01-18 14:15:12,751 - INFO - Fetching data for BIOCON.NS...
2025-01-18 14:15:24,528 - INFO - Portfolio data updated and saved successfully.
2025-01-18 14:15:24,528 - INFO - Fetching data for ^NSEI...
2025-01-18 14:15:26,076 - INFO - Nifty 50 data updated and saved successfully.
2025-01-18 14:15:28,501 - INFO - Fetching data for RELIANCE.NS...
2025-01-18 14:15:30,916 - INFO - Fetching data for TCS.NS...
2025-01-18 14:15:32,730 - INFO - Fetching data for HDFCBANK.NS...
2025-01-18 14:15:34,133 - INFO - Fetching data for INFY.NS...
2025-01-18 14:15:36,042 - INFO - Fetching data for ITC.NS...
2025-01-18 14:15:37,665 - INFO - Fetching data for SBIN.NS...
2025-01-18 14:15:39,924 - INFO - Fetching data for WIPRO.NS...
2025-01-18 14:15:41,730 - INFO - Fetching data for BHARTIARTL.NS...
2025-01-18 14:15:45,527 - INFO - Fetching data for LT.NS...
2025-01-18 14:15:47,808 - INFO - Fetching data for SEPC.NS...
2025-01-18 14:15:49,765 - INFO - Fetching data for MARUTI.NS...
2025-01-18 14:15:51,346 - INFO - Fetching data for TITAN.NS...
2025-01-18 14:15:52,877 - INFO - Fetching data for BAJAJFINSV.NS...
2025-01-18 14:15:54,593 - INFO - Fetching data for ICICIBANK.NS...
2025-01-18 14:15:56,214 - INFO - Fetching data for ASIANPAINT.NS...
2025-01-18 14:15:57,744 - INFO - Fetching data for SUNPHARMA.NS...
2025-01-18 14:15:59,172 - INFO - Fetching data for ULTRACEMCO.NS...
2025-01-18 14:16:01,219 - INFO - Fetching data for TATAMOTORS.NS...
2025-01-18 14:16:02,834 - INFO - Fetching data for HINDUNILVR.NS...
2025-01-18 14:16:04,510 - INFO - Fetching data for TECHM.NS...
2025-01-18 14:16:06,071 - INFO - Fetching data for ONGC.NS...
2025-01-18 14:16:07,435 - INFO - Fetching data for NTPC.NS...
2025-01-18 14:16:08,704 - INFO - Fetching data for AXISBANK.NS...
2025-01-18 14:16:10,171 - INFO - Fetching data for POWERGRID.NS...
2025-01-18 14:16:12,197 - INFO - Fetching data for ADANIENT.NS...
2025-01-18 14:16:13,966 - INFO - Fetching data for ADANIGREEN.NS...
2025-01-18 14:16:15,595 - INFO - Fetching data for ADANIPORTS.NS...
2025-01-18 14:16:18,224 - INFO - Fetching data for COALINDIA.NS...
2025-01-18 14:16:20,516 - INFO - Fetching data for JSWSTEEL.NS...
2025-01-18 14:16:22,769 - INFO - Fetching data for INDUSINDBK.NS...
2025-01-18 14:16:24,488 - INFO - Fetching data for DIVISLAB.NS...
2025-01-18 14:16:26,255 - INFO - Fetching data for GRASIM.NS...
2025-01-18 14:16:28,177 - INFO - Fetching data for HINDALCO.NS...
2025-01-18 14:16:29,772 - INFO - Fetching data for DRREDDY.NS...
2025-01-18 14:16:31,178 - INFO - Fetching data for BAJAJ-AUTO.NS...
2025-01-18 14:16:32,752 - INFO - Fetching data for EICHERMOT.NS...
2025-01-18 14:16:34,316 - INFO - Fetching data for HEROMOTOCO.NS...
2025-01-18 14:16:36,142 - INFO - Fetching data for BPCL.NS...
2025-01-18 14:16:37,621 - INFO - Fetching data for BRITANNIA.NS...
2025-01-18 14:16:38,883 - INFO - Fetching data for UPL.NS...
2025-01-18 14:16:40,087 - INFO - Fetching data for SHREECEM.NS...
2025-01-18 14:16:41,320 - INFO - Fetching data for DLF.NS...
2025-01-18 14:16:42,493 - INFO - Fetching data for VEDL.NS...
2025-01-18 14:16:43,646 - INFO - Fetching data for GAIL.NS...
2025-01-18 14:16:44,833 - INFO - Fetching data for M&M.NS...
2025-01-18 14:16:46,000 - INFO - Fetching data for NMDC.NS...
2025-01-18 14:16:47,166 - INFO - Fetching data for PEL.NS...
2025-01-18 14:16:48,328 - INFO - Fetching data for BANDHANBNK.NS...
2025-01-18 14:16:49,472 - INFO - Fetching data for BIOCON.NS...
2025-01-18 14:16:58,701 - INFO - Portfolio data updated and saved successfully.
2025-01-18 14:16:58,701 - INFO - Fetching data for ^NSEI...
2025-01-18 14:17:00,028 - INFO - Nifty 50 data updated and saved successfully.
2025-01-18 14:17:02,058 - INFO - Fetching data for RELIANCE.NS...
2025-01-18 14:17:03,581 - INFO - Fetching data for TCS.NS...
2025-01-18 14:17:04,740 - INFO - Fetching data for HDFCBANK.NS...
2025-01-18 14:17:05,917 - INFO - Fetching data for INFY.NS...
2025-01-18 14:17:07,083 - INFO - Fetching data for ITC.NS...
2025-01-18 14:17:08,239 - INFO - Fetching data for SBIN.NS...
2025-01-18 14:17:09,392 - INFO - Fetching data for WIPRO.NS...
2025-01-18 14:17:10,563 - INFO - Fetching data for BHARTIARTL.NS...
2025-01-18 14:17:11,696 - INFO - Fetching data for LT.NS...
2025-01-18 14:17:12,832 - INFO - Fetching data for SEPC.NS...
2025-01-18 14:17:13,946 - INFO - Fetching data for MARUTI.NS...
2025-01-18 14:17:15,097 - INFO - Fetching data for TITAN.NS...
2025-01-18 14:17:16,242 - INFO - Fetching data for BAJAJFINSV.NS...
2025-01-18 14:17:17,404 - INFO - Fetching data for ICICIBANK.NS...
2025-01-18 14:17:18,560 - INFO - Fetching data for ASIANPAINT.NS...
2025-01-18 14:17:19,808 - INFO - Fetching data for SUNPHARMA.NS...
2025-01-18 14:17:20,984 - INFO - Fetching data for ULTRACEMCO.NS...
2025-01-18 14:17:22,117 - INFO - Fetching data for TATAMOTORS.NS...
2025-01-18 14:17:23,333 - INFO - Fetching data for HINDUNILVR.NS...
2025-01-18 14:17:24,515 - INFO - Fetching data for TECHM.NS...
2025-01-18 14:17:25,677 - INFO - Fetching data for ONGC.NS...
2025-01-18 14:17:26,835 - INFO - Fetching data for NTPC.NS...
2025-01-18 14:17:27,987 - INFO - Fetching data for AXISBANK.NS...
2025-01-18 14:17:29,144 - INFO - Fetching data for POWERGRID.NS...
2025-01-18 14:17:30,319 - INFO - Fetching data for ADANIENT.NS...
2025-01-18 14:17:31,487 - INFO - Fetching data for ADANIGREEN.NS...
2025-01-18 14:17:32,598 - INFO - Fetching data for ADANIPORTS.NS...
2025-01-18 14:17:33,762 - INFO - Fetching data for COALINDIA.NS...
2025-01-18 14:17:34,933 - INFO - Fetching data for JSWSTEEL.NS...
2025-01-18 14:17:36,072 - INFO - Fetching data for INDUSINDBK.NS...
2025-01-18 14:17:37,235 - INFO - Fetching data for DIVISLAB.NS...
2025-01-18 14:17:38,412 - INFO - Fetching data for GRASIM.NS...
2025-01-18 14:17:39,561 - INFO - Fetching data for HINDALCO.NS...
2025-01-18 14:17:40,753 - INFO - Fetching data for DRREDDY.NS...
2025-01-18 14:17:41,927 - INFO - Fetching data for BAJAJ-AUTO.NS...
2025-01-18 14:17:43,068 - INFO - Fetching data for EICHERMOT.NS...
2025-01-18 14:17:44,213 - INFO - Fetching data for HEROMOTOCO.NS...
2025-01-18 14:17:45,369 - INFO - Fetching data for BPCL.NS...
2025-01-18 14:17:46,552 - INFO - Fetching data for BRITANNIA.NS...
2025-01-18 14:17:47,720 - INFO - Fetching data for UPL.NS...
2025-01-18 14:17:48,872 - INFO - Fetching data for SHREECEM.NS...
2025-01-18 14:17:50,003 - INFO - Fetching data for DLF.NS...
2025-01-18 14:17:51,154 - INFO - Fetching data for VEDL.NS...
2025-01-18 14:17:52,284 - INFO - Fetching data for GAIL.NS...
2025-01-18 14:17:53,434 - INFO - Fetching data for M&M.NS...
2025-01-18 14:17:54,600 - INFO - Fetching data for NMDC.NS...
2025-01-18 14:17:55,779 - INFO - Fetching data for PEL.NS...
2025-01-18 14:17:56,960 - INFO - Fetching data for BANDHANBNK.NS...
2025-01-18 14:17:58,087 - INFO - Fetching data for BIOCON.NS...
2025-01-18 14:18:11,141 - INFO - Portfolio data updated and saved successfully.
2025-01-18 14:18:11,141 - INFO - Fetching data for ^NSEI...
2025-01-18 14:18:12,555 - INFO - Nifty 50 data updated and saved successfully.
2025-01-18 14:39:05,344 - INFO - Fetching data for RELIANCE.NS...
2025-01-18 14:39:07,258 - INFO - Fetching data for TCS.NS...
2025-01-18 14:39:08,481 - INFO - Fetching data for HDFCBANK.NS...
2025-01-18 14:39:09,807 - INFO - Fetching data for INFY.NS...
2025-01-18 14:39:11,046 - INFO - Fetching data for ITC.NS...
2025-01-18 14:39:12,243 - INFO - Fetching data for SBIN.NS...
2025-01-18 14:39:13,484 - INFO - Fetching data for WIPRO.NS...
2025-01-18 14:39:14,683 - INFO - Fetching data for BHARTIARTL.NS...
2025-01-18 14:39:15,854 - INFO - Fetching data for LT.NS...
2025-01-18 14:39:17,054 - INFO - Fetching data for SEPC.NS...
2025-01-18 14:39:18,291 - INFO - Fetching data for MARUTI.NS...
2025-01-18 14:39:20,291 - INFO - Fetching data for TITAN.NS...
2025-01-18 14:39:22,480 - INFO - Fetching data for BAJAJFINSV.NS...
2025-01-18 14:39:23,889 - INFO - Fetching data for ICICIBANK.NS...
2025-01-18 14:39:25,445 - INFO - Fetching data for ASIANPAINT.NS...
2025-01-18 14:39:26,969 - INFO - Fetching data for SUNPHARMA.NS...
2025-01-18 14:39:28,418 - INFO - Fetching data for ULTRACEMCO.NS...
2025-01-18 14:39:29,721 - INFO - Fetching data for TATAMOTORS.NS...
2025-01-18 14:39:30,899 - INFO - Fetching data for HINDUNILVR.NS...
2025-01-18 14:39:32,114 - INFO - Fetching data for TECHM.NS...
2025-01-18 14:39:33,295 - INFO - Fetching data for ONGC.NS...
2025-01-18 14:39:34,501 - INFO - Fetching data for NTPC.NS...
2025-01-18 14:39:35,878 - INFO - Fetching data for AXISBANK.NS...
2025-01-18 14:39:37,171 - INFO - Fetching data for POWERGRID.NS...
2025-01-18 14:39:38,377 - INFO - Fetching data for ADANIENT.NS...
2025-01-18 14:39:39,733 - INFO - Fetching data for ADANIGREEN.NS...
2025-01-18 14:39:40,926 - INFO - Fetching data for ADANIPORTS.NS...
2025-01-18 14:39:42,301 - INFO - Fetching data for COALINDIA.NS...
2025-01-18 14:39:43,728 - INFO - Fetching data for JSWSTEEL.NS...
2025-01-18 14:39:45,078 - INFO - Fetching data for INDUSINDBK.NS...
2025-01-18 14:39:46,250 - INFO - Fetching data for DIVISLAB.NS...
2025-01-18 14:39:47,438 - INFO - Fetching data for GRASIM.NS...
2025-01-18 14:39:48,635 - INFO - Fetching data for HINDALCO.NS...
2025-01-18 14:39:49,812 - INFO - Fetching data for DRREDDY.NS...
2025-01-18 14:39:50,975 - INFO - Fetching data for BAJAJ-AUTO.NS...
2025-01-18 14:39:52,137 - INFO - Fetching data for EICHERMOT.NS...
2025-01-18 14:39:53,297 - INFO - Fetching data for HEROMOTOCO.NS...
2025-01-18 14:39:54,545 - INFO - Fetching data for BPCL.NS...
2025-01-18 14:39:55,727 - INFO - Fetching data for BRITANNIA.NS...
2025-01-18 14:39:57,045 - INFO - Fetching data for UPL.NS...
2025-01-18 14:39:58,196 - INFO - Fetching data for SHREECEM.NS...
2025-01-18 14:39:59,512 - INFO - Fetching data for DLF.NS...
2025-01-18 14:40:11,239 - INFO - Fetching data for RELIANCE.NS...
2025-01-18 14:40:12,957 - INFO - Fetching data for TCS.NS...
2025-01-18 14:40:14,097 - INFO - Fetching data for HDFCBANK.NS...
2025-01-18 14:40:15,253 - INFO - Fetching data for INFY.NS...
2025-01-18 14:40:16,400 - INFO - Fetching data for ITC.NS...
2025-01-18 14:40:17,565 - INFO - Fetching data for SBIN.NS...
2025-01-18 14:40:18,705 - INFO - Fetching data for WIPRO.NS...
2025-01-18 14:40:19,866 - INFO - Fetching data for BHARTIARTL.NS...
2025-01-18 14:40:21,012 - INFO - Fetching data for LT.NS...
2025-01-18 14:40:22,151 - INFO - Fetching data for SEPC.NS...
2025-01-18 14:40:23,278 - INFO - Fetching data for MARUTI.NS...
2025-01-18 14:40:24,447 - INFO - Fetching data for TITAN.NS...
2025-01-18 14:40:25,616 - INFO - Fetching data for BAJAJFINSV.NS...
2025-01-18 14:40:26,753 - INFO - Fetching data for ICICIBANK.NS...
2025-01-18 14:40:28,056 - INFO - Fetching data for ASIANPAINT.NS...
2025-01-18 14:40:29,257 - INFO - Fetching data for SUNPHARMA.NS...
2025-01-18 14:40:30,430 - INFO - Fetching data for ULTRACEMCO.NS...
2025-01-18 14:40:31,602 - INFO - Fetching data for TATAMOTORS.NS...
2025-01-18 14:40:32,828 - INFO - Fetching data for HINDUNILVR.NS...
2025-01-18 14:40:34,084 - INFO - Fetching data for TECHM.NS...
2025-01-18 14:40:35,311 - INFO - Fetching data for ONGC.NS...
2025-01-18 14:40:36,562 - INFO - Fetching data for NTPC.NS...
2025-01-18 14:40:37,769 - INFO - Fetching data for AXISBANK.NS...
2025-01-18 14:40:39,299 - INFO - Fetching data for POWERGRID.NS...
2025-01-18 14:40:40,507 - INFO - Fetching data for ADANIENT.NS...
2025-01-18 14:40:41,694 - INFO - Fetching data for ADANIGREEN.NS...
2025-01-18 14:40:42,802 - INFO - Fetching data for ADANIPORTS.NS...
2025-01-18 14:40:44,222 - INFO - Fetching data for COALINDIA.NS...
2025-01-18 14:40:45,343 - INFO - Fetching data for JSWSTEEL.NS...
2025-01-18 14:40:46,474 - INFO - Fetching data for INDUSINDBK.NS...
2025-01-18 14:40:47,608 - INFO - Fetching data for DIVISLAB.NS...
2025-01-18 14:40:48,745 - INFO - Fetching data for GRASIM.NS...
2025-01-18 14:40:49,917 - INFO - Fetching data for HINDALCO.NS...
2025-01-18 14:40:51,067 - INFO - Fetching data for DRREDDY.NS...
2025-01-18 14:40:52,198 - INFO - Fetching data for BAJAJ-AUTO.NS...
2025-01-18 14:40:53,381 - INFO - Fetching data for EICHERMOT.NS...
2025-01-18 14:40:54,555 - INFO - Fetching data for HEROMOTOCO.NS...
2025-01-18 14:40:55,697 - INFO - Fetching data for BPCL.NS...
2025-01-18 14:40:56,861 - INFO - Fetching data for BRITANNIA.NS...
2025-01-18 14:40:58,009 - INFO - Fetching data for UPL.NS...
2025-01-18 14:40:59,145 - INFO - Fetching data for SHREECEM.NS...
2025-01-18 14:41:00,507 - INFO - Fetching data for DLF.NS...
2025-01-18 14:41:01,646 - INFO - Fetching data for VEDL.NS...
2025-01-18 14:41:02,788 - INFO - Fetching data for GAIL.NS...
2025-01-18 14:41:03,958 - INFO - Fetching data for M&M.NS...
2025-01-18 14:41:05,102 - INFO - Fetching data for NMDC.NS...
2025-01-18 14:41:06,248 - INFO - Fetching data for PEL.NS...
2025-01-18 14:41:07,411 - INFO - Fetching data for BANDHANBNK.NS...
2025-01-18 14:41:08,593 - INFO - Fetching data for BIOCON.NS...
2025-01-18 14:41:21,707 - INFO - Portfolio data updated and saved successfully.
2025-01-18 14:41:21,707 - INFO - Fetching data for ^NSEI...
2025-01-18 14:41:23,067 - INFO - Nifty 50 data updated and saved successfully.
